<?xml version="1.0" encoding="UTF-8"?>
<root xmlns="NS" xmlns:o="otherNS">
	<child id="A" o:test="value" />
	<child id="B">text</child>
</root>